[2017-01-04 13:54:15] LOGNAME.INFO: info [] []
[2017-01-04 13:54:15] LOGNAME.INFO: info [] []
[2017-01-04 13:54:15] LOGNAME.ALERT: alert [] []
[2017-01-04 13:54:15] LOGNAME.ALERT: alert [] []
[2017-01-04 13:54:15] LOGNAME.CRITICAL: crit [] []
[2017-01-04 13:54:15] LOGNAME.CRITICAL: critical [] []
[2017-01-04 13:54:15] LOGNAME.CRITICAL: critical [] []
[2017-01-04 13:54:15] LOGNAME.DEBUG: debug [] []
[2017-01-04 13:54:15] LOGNAME.DEBUG: debug [] []
[2017-01-04 13:54:15] LOGNAME.EMERGENCY: emerg [] []
[2017-01-04 13:54:15] LOGNAME.EMERGENCY: emergency [] []
[2017-01-04 13:54:15] LOGNAME.EMERGENCY: emergency [] []
[2017-01-04 13:54:15] LOGNAME.ERROR: err [] []
[2017-01-04 13:54:15] LOGNAME.ERROR: error [] []
[2017-01-04 13:54:15] LOGNAME.ERROR: error [] []
[2017-01-04 13:54:15] LOGNAME.NOTICE: notice [] []
[2017-01-04 13:54:15] LOGNAME.NOTICE: notice [] []
[2017-01-04 13:54:15] LOGNAME.WARNING: warn [] []
[2017-01-04 13:54:15] LOGNAME.WARNING: warning [] []
[2017-01-04 13:54:15] LOGNAME.WARNING: warning [] []
